Python version: 3.8.0 (v3.8.0:fa919fdf25, Oct 14 2019, 10:23:27) 
[Clang 6.0 (clang-600.0.57)]
Python path: /Library/Frameworks/Python.framework/Versions/3.8/bin/python3
Successfully imported requests
Successfully imported BeautifulSoup
Checking for updates at 2025-01-07 12:41:53

New updates found!

Available spots for children under 3 years:
--------------------------------------------------

Nordre Aker
- Amigos Giraffen familiebarnehage: 6 småbarnsplasser, ledig fra desember
- Amigos Småen familiebarnehage: 6 småbarnsplasser, ledig fra desember
- Gaustadsnippen barnehage: 3 småbarnsplasser, ledig fra februar 2025
- Hakkebakkeskogen familiebarnehage avd. Daniel W: 3 småbarnsplasser, ledig fra desember
- Maridalen barnehage: 1 storebarnsplass og 1 småbarnsplass, ledig fra desember
- SiO Klossen barnehage: 4 storebarnsplasser og 1 småbarnsplass, ledig fra januar 2025
- SiO Skogly barnehage: 1 småbarnsplass, ledig fra februar2025

Sagene
- Lykketrollet familiebarnehage, Bentsegata: 1 ledig plass for barn 0-3 år

Stovner
- Vestlikollen barnehage: 2 ledige plasser 0-3 år, 2 ledige plasser 3-6 år
- Vestliskogen barnehage: 2 ledige plasser 0-3 år
- Vestlisvingen barnehage: 1 ledige plasser 0-3 år, 1 ledige plasser 3-6 år

Søndre Nordstrand
- Prinsdalsbråten barnehage 1ledige plasser for barn 0-3 år og 1 ledig plass for barn 3-6 år
- Åstun barnehage 3 ledige plasser for barn 0-3 år fra d.d

Ullern
- Amigos Monoliten familiebarnehage: 1 småbarnsplasser, ledig fra november 2024
- Amigos Småvenner familiebarnehage: 2 småbarnsplasser, ledig fra november 2024

Vestre Aker
- Jeppes familiebarnehage: 4 småbarnsplass, ledig fra desember 2024.

Østensjø
- Lykketrollet fam. bhg avd Bogerudveien 25: 2 ledige småbarnsplasser fra januar 2025
- Lykketrollet fam.bhg avd Bogerudveien 27: 1 ledig småbarnsplass fra januar 2025

Waiting 30 minutes before next check...
Checking for updates at 2025-01-07 13:11:53

New updates found!

Available spots for children under 3 years:
--------------------------------------------------

Gamle Oslo
- Sigurdsgate familiebarnehage: 1 plass for barn under 3 år fra januar

Nordre Aker
- Amigos Giraffen familiebarnehage: 6 småbarnsplasser, ledig fra desember
- Amigos Småen familiebarnehage: 6 småbarnsplasser, ledig fra desember
- Gaustadsnippen barnehage: 3 småbarnsplasser, ledig fra februar 2025
- Hakkebakkeskogen familiebarnehage avd. Daniel W: 3 småbarnsplasser, ledig fra desember
- Maridalen barnehage: 1 storebarnsplass og 1 småbarnsplass, ledig fra desember
- SiO Klossen barnehage: 4 storebarnsplasser og 1 småbarnsplass, ledig fra januar 2025
- SiO Skogly barnehage: 1 småbarnsplass, ledig fra februar2025

Sagene
- Lykketrollet familiebarnehage, Bentsegata: 1 ledig plass for barn 0-3 år

Stovner
- Vestlikollen barnehage: 2 ledige plasser 0-3 år, 2 ledige plasser 3-6 år
- Vestliskogen barnehage: 2 ledige plasser 0-3 år
- Vestlisvingen barnehage: 1 ledige plasser 0-3 år, 1 ledige plasser 3-6 år

Søndre Nordstrand
- Prinsdalsbråten barnehage 1ledige plasser for barn 0-3 år og 1 ledig plass for barn 3-6 år
- Åstun barnehage 3 ledige plasser for barn 0-3 år fra d.d

Ullern
- Amigos Monoliten familiebarnehage: 1 småbarnsplasser, ledig fra november 2024
- Amigos Småvenner familiebarnehage: 2 småbarnsplasser, ledig fra november 2024

Vestre Aker
- Jeppes familiebarnehage: 4 småbarnsplass, ledig fra desember 2024.

Østensjø
- Lykketrollet fam. bhg avd Bogerudveien 25: 2 ledige småbarnsplasser fra januar 2025
- Lykketrollet fam.bhg avd Bogerudveien 27: 1 ledig småbarnsplass fra januar 2025

Waiting 30 minutes before next check...
Checking for updates at 2025-01-07 13:41:53
No new updates found.

Waiting 30 minutes before next check...
Checking for updates at 2025-01-07 14:11:54
No new updates found.

Waiting 30 minutes before next check...
Checking for updates at 2025-01-07 17:35:42
No new updates found.

Waiting 30 minutes before next check...
Checking for updates at 2025-01-07 19:05:25
No new updates found.

Waiting 30 minutes before next check...
Checking for updates at 2025-01-07 19:35:26
No new updates found.

Waiting 30 minutes before next check...
Checking for updates at 2025-01-07 20:05:26
No new updates found.

Waiting 30 minutes before next check...
Checking for updates at 2025-01-08 02:09:43
No new updates found.

Waiting 30 minutes before next check...
Checking for updates at 2025-01-08 10:22:08
No new updates found.

Waiting 30 minutes before next check...
Checking for updates at 2025-01-08 10:55:01
No new updates found.

Waiting 30 minutes before next check...
Checking for updates at 2025-01-08 11:25:02
No new updates found.

Waiting 30 minutes before next check...
Checking for updates at 2025-01-08 11:55:02

New updates found!

Available spots for children under 3 years:
--------------------------------------------------

Gamle Oslo
- Sigurdsgate familiebarnehage: 1 plass for barn under 3 år fra januar

Nordre Aker
- Amigos Giraffen familiebarnehage: 6 småbarnsplasser, ledig fra desember
- Amigos Småen familiebarnehage: 6 småbarnsplasser, ledig fra desember
- Gaustadsnippen barnehage: 3 småbarnsplasser, ledig fra februar 2025
- Hakkebakkeskogen familiebarnehage avd. Daniel W: 3 småbarnsplasser, ledig fra desember
- Maridalen barnehage: 1 storebarnsplass og 1 småbarnsplass, ledig fra desember
- SiO Klossen barnehage: 4 storebarnsplasser og 1 småbarnsplass, ledig fra januar 2025
- SiO Skogly barnehage: 1 småbarnsplass, ledig fra februar2025

Sagene
- Lykketrollet familiebarnehage, Bentsegata: 1 ledig plass for barn 0-3 år

Stovner
- Vestlikollen barnehage: 2 ledige plasser 0-3 år, 2 ledige plasser 3-6 år
- Vestlisvingen barnehage: 2 ledige plasser 0-3 år, 1 ledige plasser 3-6 år

Søndre Nordstrand
- Prinsdalsbråten barnehage 1ledige plasser for barn 0-3 år og 1 ledig plass for barn 3-6 år
- Åstun barnehage 3 ledige plasser for barn 0-3 år fra d.d

Ullern
- Amigos Monoliten familiebarnehage: 1 småbarnsplasser, ledig fra november 2024
- Amigos Småvenner familiebarnehage: 2 småbarnsplasser, ledig fra november 2024

Vestre Aker
- Jeppes familiebarnehage: 4 småbarnsplass, ledig fra desember 2024.

Østensjø
- Lykketrollet fam. bhg avd Bogerudveien 25: 2 ledige småbarnsplasser fra januar 2025
- Lykketrollet fam.bhg avd Bogerudveien 27: 1 ledig småbarnsplass fra januar 2025

Waiting 30 minutes before next check...
Checking for updates at 2025-01-08 22:35:50
No new updates found.

Waiting 30 minutes before next check...
Checking for updates at 2025-01-08 23:05:51
No new updates found.

Waiting 30 minutes before next check...
Checking for updates at 2025-01-09 11:18:59
No new updates found.

Waiting 30 minutes before next check...
Checking for updates at 2025-01-09 11:49:00
No new updates found.

Waiting 30 minutes before next check...
Checking for updates at 2025-01-09 13:50:48

New updates found!

Available spots for children under 3 years:
--------------------------------------------------

Gamle Oslo
- Sigurdsgate familiebarnehage: 1 plass for barn under 3 år fra januar

Nordre Aker
- Amigos Giraffen familiebarnehage: 6 småbarnsplasser, ledig fra desember
- Amigos Småen familiebarnehage: 6 småbarnsplasser, ledig fra desember
- Gaustadsnippen barnehage: 3 småbarnsplasser, ledig fra februar 2025
- Hakkebakkeskogen familiebarnehage avd. Daniel W: 3 småbarnsplasser, ledig fra desember
- Maridalen barnehage: 1 storebarnsplass og 1 småbarnsplass, ledig fra desember
- SiO Klossen barnehage: 4 storebarnsplasser og 1 småbarnsplass, ledig fra januar 2025
- SiO Skogly barnehage: 1 småbarnsplass, ledig fra februar2025

Stovner
- Vestlikollen barnehage: 2 ledige plasser 0-3 år, 2 ledige plasser 3-6 år
- Vestlisvingen barnehage: 2 ledige plasser 0-3 år, 1 ledige plasser 3-6 år

Søndre Nordstrand
- Prinsdalsbråten barnehage 1ledige plasser for barn 0-3 år og 1 ledig plass for barn 3-6 år
- Åstun barnehage 3 ledige plasser for barn 0-3 år fra d.d

Ullern
- Amigos Monoliten familiebarnehage: 1 småbarnsplasser, ledig fra november 2024
- Amigos Småvenner familiebarnehage: 2 småbarnsplasser, ledig fra november 2024

Vestre Aker
- Jeppes familiebarnehage: 4 småbarnsplass, ledig fra desember 2024.

Østensjø
- Lykketrollet fam. bhg avd Bogerudveien 25: 2 ledige småbarnsplasser fra januar 2025
- Lykketrollet fam.bhg avd Bogerudveien 27: 1 ledig småbarnsplass fra januar 2025

Waiting 30 minutes before next check...
Checking for updates at 2025-01-09 14:20:48
No new updates found.

Waiting 30 minutes before next check...
Checking for updates at 2025-01-09 14:50:49
No new updates found.

Waiting 30 minutes before next check...
Checking for updates at 2025-01-09 15:20:49
No new updates found.

Waiting 30 minutes before next check...
Checking for updates at 2025-01-09 15:50:49
No new updates found.

Waiting 30 minutes before next check...
Checking for updates at 2025-01-09 19:52:08
No new updates found.

Waiting 30 minutes before next check...
Checking for updates at 2025-01-09 20:22:08
No new updates found.

Waiting 30 minutes before next check...
Checking for updates at 2025-01-09 20:52:08
No new updates found.

Waiting 30 minutes before next check...
Checking for updates at 2025-01-09 21:22:09
No new updates found.

Waiting 30 minutes before next check...
Checking for updates at 2025-01-09 21:52:09
No new updates found.

Waiting 30 minutes before next check...
Checking for updates at 2025-01-10 18:19:38
No new updates found.

Waiting 30 minutes before next check...
Checking for updates at 2025-01-10 20:01:37
No new updates found.

Waiting 30 minutes before next check...
Checking for updates at 2025-01-10 20:31:37
No new updates found.

Waiting 30 minutes before next check...
Checking for updates at 2025-01-10 21:01:38
No new updates found.

Waiting 30 minutes before next check...
Checking for updates at 2025-01-10 21:47:51
No new updates found.

Waiting 30 minutes before next check...
Checking for updates at 2025-01-10 22:52:08
No new updates found.

Waiting 30 minutes before next check...
Checking for updates at 2025-01-10 23:24:21
No new updates found.

Waiting 30 minutes before next check...
Checking for updates at 2025-01-11 01:14:41
No new updates found.

Waiting 30 minutes before next check...
Checking for updates at 2025-01-11 01:44:42
No new updates found.

Waiting 30 minutes before next check...
Checking for updates at 2025-01-11 02:14:42
No new updates found.

Waiting 30 minutes before next check...
Checking for updates at 2025-01-11 02:44:43
No new updates found.

Waiting 30 minutes before next check...
Checking for updates at 2025-01-11 03:14:43
No new updates found.

Waiting 30 minutes before next check...
Checking for updates at 2025-01-11 05:34:39
No new updates found.

Waiting 30 minutes before next check...
Checking for updates at 2025-01-11 06:04:39
No new updates found.

Waiting 30 minutes before next check...
Checking for updates at 2025-01-11 07:43:06
No new updates found.

Waiting 30 minutes before next check...
Checking for updates at 2025-01-11 08:13:06
No new updates found.

Waiting 30 minutes before next check...
Checking for updates at 2025-01-11 09:20:12
No new updates found.

Waiting 30 minutes before next check...
Checking for updates at 2025-01-11 09:50:12
No new updates found.

Waiting 30 minutes before next check...
Checking for updates at 2025-01-11 10:20:13
No new updates found.

Waiting 30 minutes before next check...
Checking for updates at 2025-01-11 10:50:13
No new updates found.

Waiting 30 minutes before next check...
Checking for updates at 2025-01-11 11:20:13
No new updates found.

Waiting 30 minutes before next check...
Checking for updates at 2025-01-11 11:50:13
No new updates found.

Waiting 30 minutes before next check...
Checking for updates at 2025-01-11 12:20:14
No new updates found.

Waiting 30 minutes before next check...
Checking for updates at 2025-01-11 12:50:14
No new updates found.

Waiting 30 minutes before next check...
Checking for updates at 2025-01-11 13:20:14
No new updates found.

Waiting 30 minutes before next check...
Checking for updates at 2025-01-11 13:50:14
No new updates found.

Waiting 30 minutes before next check...
Checking for updates at 2025-01-11 14:23:55
No new updates found.

Waiting 30 minutes before next check...
Checking for updates at 2025-01-11 14:55:00
No new updates found.

Waiting 30 minutes before next check...
Checking for updates at 2025-01-11 15:25:00
No new updates found.

Waiting 30 minutes before next check...
Checking for updates at 2025-01-11 15:55:00
No new updates found.

Waiting 30 minutes before next check...
Checking for updates at 2025-01-11 16:25:01
No new updates found.

Waiting 30 minutes before next check...
Checking for updates at 2025-01-11 16:55:01
No new updates found.

Waiting 30 minutes before next check...
Checking for updates at 2025-01-11 20:17:06
No new updates found.

Waiting 30 minutes before next check...
Checking for updates at 2025-01-11 20:47:06
No new updates found.

Waiting 30 minutes before next check...
Checking for updates at 2025-01-11 21:17:07
No new updates found.

Waiting 30 minutes before next check...
Checking for updates at 2025-01-12 08:58:01
No new updates found.

Waiting 30 minutes before next check...
Checking for updates at 2025-01-12 09:28:01
No new updates found.

Waiting 30 minutes before next check...
Checking for updates at 2025-01-12 09:58:02
No new updates found.

Waiting 30 minutes before next check...
Checking for updates at 2025-01-12 10:28:02
No new updates found.

Waiting 30 minutes before next check...
Checking for updates at 2025-01-12 10:58:03
No new updates found.

Waiting 30 minutes before next check...
Checking for updates at 2025-01-12 11:28:03
No new updates found.

Waiting 30 minutes before next check...
Checking for updates at 2025-01-12 11:58:03
No new updates found.

Waiting 30 minutes before next check...
Checking for updates at 2025-01-12 12:28:03
No new updates found.

Waiting 30 minutes before next check...
Checking for updates at 2025-01-12 12:58:03
No new updates found.

Waiting 30 minutes before next check...
Checking for updates at 2025-01-12 19:22:22
No new updates found.

Waiting 30 minutes before next check...
Checking for updates at 2025-01-12 19:52:23
No new updates found.

Waiting 30 minutes before next check...
Checking for updates at 2025-01-12 20:22:23
No new updates found.

Waiting 30 minutes before next check...
Checking for updates at 2025-01-12 20:52:23
No new updates found.

Waiting 30 minutes before next check...
Checking for updates at 2025-01-12 21:37:57
No new updates found.

Waiting 30 minutes before next check...
Checking for updates at 2025-01-12 22:23:29
No new updates found.

Waiting 30 minutes before next check...
Checking for updates at 2025-01-12 23:48:20
No new updates found.

Waiting 30 minutes before next check...
Checking for updates at 2025-01-13 00:18:21
No new updates found.

Waiting 30 minutes before next check...
Checking for updates at 2025-01-13 01:20:39
No new updates found.

Waiting 30 minutes before next check...
Checking for updates at 2025-01-13 02:07:40
No new updates found.

Waiting 30 minutes before next check...
Checking for updates at 2025-01-13 02:37:41
No new updates found.

Waiting 30 minutes before next check...
Checking for updates at 2025-01-13 04:08:16
No new updates found.

Waiting 30 minutes before next check...
Checking for updates at 2025-01-13 04:38:16
No new updates found.

Waiting 30 minutes before next check...
Checking for updates at 2025-01-13 05:56:30
No new updates found.

Waiting 30 minutes before next check...
Checking for updates at 2025-01-13 06:26:31
No new updates found.

Waiting 30 minutes before next check...
Checking for updates at 2025-01-13 07:24:29
No new updates found.

Waiting 30 minutes before next check...
Checking for updates at 2025-01-13 08:09:37
No new updates found.

Waiting 30 minutes before next check...
Checking for updates at 2025-01-13 08:39:37
No new updates found.

Waiting 30 minutes before next check...
Checking for updates at 2025-01-13 10:03:30
No new updates found.

Waiting 30 minutes before next check...
Checking for updates at 2025-01-13 10:33:31
No new updates found.

Waiting 30 minutes before next check...
Checking for updates at 2025-01-13 11:03:31
No new updates found.

Waiting 30 minutes before next check...
Checking for updates at 2025-01-13 11:33:32
No new updates found.

Waiting 30 minutes before next check...
Checking for updates at 2025-01-13 12:03:33
No new updates found.

Waiting 30 minutes before next check...
Checking for updates at 2025-01-13 12:33:33
No new updates found.

Waiting 30 minutes before next check...
Checking for updates at 2025-01-13 14:11:03

New updates found!

Available spots for children under 3 years:
--------------------------------------------------

Gamle Oslo
- Sigurdsgate familiebarnehage: 1 plass for barn under 3 år fra januar

Nordre Aker
- Amigos Giraffen familiebarnehage: 6 småbarnsplasser, ledig fra desember
- Amigos Småen familiebarnehage: 6 småbarnsplasser, ledig fra desember
- Gaustadsnippen barnehage: 3 småbarnsplasser, ledig fra februar 2025
- Hakkebakkeskogen familiebarnehage avd. Daniel W: 3 småbarnsplasser, ledig fra desember
- Maridalen barnehage: 1 storebarnsplass og 1 småbarnsplass, ledig fra desember
- SiO Klossen barnehage: 4 storebarnsplasser og 1 småbarnsplass, ledig fra januar 2025
- SiO Skogly barnehage: 1 småbarnsplass, ledig fra februar2025

Stovner
- Vestlikollen barnehage: 2 ledige plasser 0-3 år, 2 ledige plasser 3-6 år
- Vestlisvingen barnehage: 2 ledige plasser 0-3 år, 1 ledige plasser 3-6 år

Søndre Nordstrand
- Prinsdalsbråten barnehage 1ledige plasser for barn 0-3 år og 1 ledig plass for barn 3-6 år
- Åstun barnehage 3 ledige plasser for barn 0-3 år fra d.d

Ullern
- Amigos Monoliten familiebarnehage: 1 småbarnsplasser, ledig fra november 2024
- Amigos Småvenner familiebarnehage: 2 småbarnsplasser, ledig fra november 2024

Østensjø
- Lykketrollet fam. bhg avd Bogerudveien 25: 2 ledige småbarnsplasser fra januar 2025
- Lykketrollet fam.bhg avd Bogerudveien 27: 1 ledig småbarnsplass fra januar 2025

Waiting 30 minutes before next check...
Checking for updates at 2025-01-13 17:01:07
No new updates found.

Waiting 30 minutes before next check...
Checking for updates at 2025-01-13 17:31:08
No new updates found.

Waiting 30 minutes before next check...
Checking for updates at 2025-01-13 18:45:01
No new updates found.

Waiting 30 minutes before next check...
Checking for updates at 2025-01-13 19:15:02
No new updates found.

Waiting 30 minutes before next check...
Checking for updates at 2025-01-13 20:42:37
No new updates found.

Waiting 30 minutes before next check...
Checking for updates at 2025-01-13 21:12:37
No new updates found.

Waiting 30 minutes before next check...
Checking for updates at 2025-01-13 21:42:37
No new updates found.

Waiting 30 minutes before next check...
Checking for updates at 2025-01-14 09:22:19

New updates found!

Available spots for children under 3 years:
--------------------------------------------------

Gamle Oslo
- Sigurdsgate familiebarnehage: 1 plass for barn under 3 år fra januar

Nordre Aker
- Amigos Giraffen familiebarnehage: 6 småbarnsplasser, ledig fra desember
- Amigos Småen familiebarnehage: 6 småbarnsplasser, ledig fra desember
- Gaustadsnippen barnehage: 3 småbarnsplasser, ledig fra februar 2025
- Hakkebakkeskogen familiebarnehage avd. Daniel W: 3 småbarnsplasser, ledig fra desember
- Maridalen barnehage: 1 storebarnsplass og 1 småbarnsplass, ledig fra desember
- SiO Klossen barnehage: 4 storebarnsplasser og 1 småbarnsplass, ledig fra januar 2025
- SiO Skogly barnehage: 1 småbarnsplass, ledig fra februar2025

Stovner
- Vestlikollen barnehage: 2 ledige plasser 0-3 år, 2 ledige plasser 3-6 år
- Vestlisvingen barnehage: 1 ledige plasser 0-3 år, 1 ledige plasser 3-6 år

Søndre Nordstrand
- Prinsdalsbråten barnehage 1ledige plasser for barn 0-3 år og 1 ledig plass for barn 3-6 år
- Åstun barnehage 3 ledige plasser for barn 0-3 år fra d.d

Ullern
- Amigos Monoliten familiebarnehage: 1 småbarnsplasser, ledig fra november 2024
- Amigos Småvenner familiebarnehage: 2 småbarnsplasser, ledig fra november 2024

Østensjø
- Lykketrollet fam. bhg avd Bogerudveien 25: 2 ledige småbarnsplasser fra januar 2025
- Lykketrollet fam.bhg avd Bogerudveien 27: 1 ledig småbarnsplass fra januar 2025

Waiting 30 minutes before next check...
Checking for updates at 2025-01-14 09:52:19
No new updates found.

Waiting 30 minutes before next check...
Checking for updates at 2025-01-14 11:35:23

New updates found!

Available spots for children under 3 years:
--------------------------------------------------

Gamle Oslo
- Sigurdsgate familiebarnehage: 1 plass for barn under 3 år fra januar

Nordre Aker
- Amigos Giraffen familiebarnehage: 5 småbarnsplasser, ledig fra januar
- Hakkebakkeskogen familiebarnehage avd. Daniel W: 2 småbarnsplasser, ledig fra januar
- Maridalen barnehage: 1 storebarnsplass og 1 småbarnsplass, ledig fra januar

Stovner
- Vestlikollen barnehage: 2 ledige plasser 0-3 år, 2 ledige plasser 3-6 år
- Vestlisvingen barnehage: 1 ledige plasser 0-3 år, 1 ledige plasser 3-6 år

Søndre Nordstrand
- Prinsdalsbråten barnehage 1ledige plasser for barn 0-3 år og 1 ledig plass for barn 3-6 år
- Åstun barnehage 3 ledige plasser for barn 0-3 år fra d.d

Ullern
- Amigos Monoliten familiebarnehage: 1 småbarnsplasser, ledig fra november 2024
- Amigos Småvenner familiebarnehage: 2 småbarnsplasser, ledig fra november 2024

Østensjø
- Lykketrollet fam. bhg avd Bogerudveien 25: 2 ledige småbarnsplasser fra januar 2025
- Lykketrollet fam.bhg avd Bogerudveien 27: 1 ledig småbarnsplass fra januar 2025

Waiting 30 minutes before next check...
Checking for updates at 2025-01-14 12:05:23
No new updates found.

Waiting 30 minutes before next check...
Checking for updates at 2025-01-14 12:35:24
No new updates found.

Waiting 30 minutes before next check...
Checking for updates at 2025-01-14 19:14:46

New updates found!

Available spots for children under 3 years:
--------------------------------------------------

Gamle Oslo
- Sigurdsgate familiebarnehage: 1 plass for barn under 3 år fra januar

Nordre Aker
- Amigos Giraffen familiebarnehage: 5 småbarnsplasser, ledig fra januar
- Hakkebakkeskogen familiebarnehage avd. Daniel W: 2 småbarnsplasser, ledig fra januar
- Maridalen barnehage: 1 storebarnsplass og 1 småbarnsplass, ledig fra januar

Stovner
- Vestlikollen barnehage: 2 ledige plasser 0-3 år

Søndre Nordstrand
- Prinsdalsbråten barnehage 1ledige plasser for barn 0-3 år og 1 ledig plass for barn 3-6 år
- Åstun barnehage 3 ledige plasser for barn 0-3 år fra d.d

Ullern
- Amigos Monoliten familiebarnehage: 1 småbarnsplasser, ledig fra november 2024
- Amigos Småvenner familiebarnehage: 2 småbarnsplasser, ledig fra november 2024

Østensjø
- Lykketrollet fam. bhg avd Bogerudveien 25: 2 ledige småbarnsplasser fra januar 2025
- Lykketrollet fam.bhg avd Bogerudveien 27: 1 ledig småbarnsplass fra januar 2025

Waiting 30 minutes before next check...
Checking for updates at 2025-01-14 19:44:47
No new updates found.

Waiting 30 minutes before next check...
Checking for updates at 2025-01-14 20:14:47
No new updates found.

Waiting 30 minutes before next check...
Checking for updates at 2025-01-14 20:44:47
No new updates found.

Waiting 30 minutes before next check...
Checking for updates at 2025-01-14 21:14:48
No new updates found.

Waiting 30 minutes before next check...
Checking for updates at 2025-01-14 21:44:48
No new updates found.

Waiting 30 minutes before next check...
Checking for updates at 2025-01-15 10:15:59
No new updates found.

Waiting 30 minutes before next check...
Checking for updates at 2025-01-15 10:45:59
No new updates found.

Waiting 30 minutes before next check...
Checking for updates at 2025-01-15 11:25:13
No new updates found.

Waiting 30 minutes before next check...
Checking for updates at 2025-01-15 11:55:13
No new updates found.

Waiting 30 minutes before next check...
Checking for updates at 2025-01-15 12:52:17
No new updates found.

Waiting 30 minutes before next check...
Checking for updates at 2025-01-15 17:51:39
No new updates found.

Waiting 30 minutes before next check...
Checking for updates at 2025-01-15 18:40:37
No new updates found.

Waiting 30 minutes before next check...
Checking for updates at 2025-01-15 19:34:27
No new updates found.

Waiting 30 minutes before next check...
Checking for updates at 2025-01-15 20:45:24
No new updates found.